<?xml version="1.0" encoding="UTF-8"?>
<!-- Generated by org.testng.reporters.JUnitReportReporter -->
<testsuite skipped="0" hostname="ALVIS" name="org.parallel.MyTest" tests="6" failures="0" timestamp="03 Feb 2020 12:57:57 GMT" time="0.026" errors="0">
  <testcase name="tc03" time="0.002" classname="org.parallel.MyTest"/>
  <testcase name="tc02" time="0.003" classname="org.parallel.MyTest"/>
  <testcase name="tc06" time="0.010" classname="org.parallel.MyTest"/>
  <testcase name="tc05" time="0.002" classname="org.parallel.MyTest"/>
  <testcase name="tc01" time="0.005" classname="org.parallel.MyTest"/>
  <testcase name="tc04" time="0.004" classname="org.parallel.MyTest"/>
</testsuite> <!-- org.parallel.MyTest -->
