<?xml version="1.0" encoding="UTF-8"?>
<!-- Generated by org.testng.reporters.JUnitReportReporter -->
<testsuite skipped="0" hostname="ALVIS" name="org.parallel.MyTestOne" tests="5" failures="0" timestamp="03 Feb 2020 12:57:57 GMT" time="0.028" errors="0">
  <testcase name="tc15" time="0.002" classname="org.parallel.MyTestOne"/>
  <testcase name="tc13" time="0.015" classname="org.parallel.MyTestOne"/>
  <testcase name="tc12" time="0.002" classname="org.parallel.MyTestOne"/>
  <testcase name="tc11" time="0.007" classname="org.parallel.MyTestOne"/>
  <testcase name="tc14" time="0.002" classname="org.parallel.MyTestOne"/>
</testsuite> <!-- org.parallel.MyTestOne -->
