<?xml version="1.0" encoding="UTF-8"?>
<!-- Generated by org.testng.reporters.JUnitReportReporter -->
<testsuite skipped="0" hostname="ALVIS" name="org.parallel.MyTestTwo" tests="1" failures="0" timestamp="03 Feb 2020 12:57:57 GMT" time="0.016" errors="0">
  <testcase name="singleTest" time="0.016" classname="org.parallel.MyTestTwo"/>
</testsuite> <!-- org.parallel.MyTestTwo -->
