<?xml version="1.0" encoding="UTF-8"?>
<!-- Generated by org.testng.reporters.JUnitReportReporter -->
<testsuite skipped="0" hostname="ALVIS" name="org.annotations.Aadhithyan" tests="2" failures="0" timestamp="27 Jan 2020 04:35:36 GMT" time="0.017" errors="0">
  <testcase name="test2" time="0.008" classname="org.annotations.Aadhithyan"/>
  <testcase name="test1" time="0.009" classname="org.annotations.Aadhithyan"/>
</testsuite> <!-- org.annotations.Aadhithyan -->
