<?xml version="1.0" encoding="UTF-8"?>
<!-- Generated by org.testng.reporters.JUnitReportReporter -->
<testsuite skipped="0" hostname="ALVIS" name="org.annotations.Shabeer" tests="2" failures="0" timestamp="27 Jan 2020 04:35:36 GMT" time="0.006" errors="0">
  <testcase name="test2" time="0.003" classname="org.annotations.Shabeer"/>
  <testcase name="test1" time="0.003" classname="org.annotations.Shabeer"/>
</testsuite> <!-- org.annotations.Shabeer -->
