<?xml version="1.0" encoding="UTF-8"?>
<!-- Generated by org.testng.reporters.JUnitReportReporter -->
<testsuite skipped="0" hostname="ALVIS" name="org.annotations.Josephin" tests="3" failures="0" timestamp="24 Jan 2020 09:51:58 GMT" time="0.016" errors="0">
  <testcase name="test3" time="0.003" classname="org.annotations.Josephin"/>
  <testcase name="test1" time="0.009" classname="org.annotations.Josephin"/>
  <testcase name="test2" time="0.004" classname="org.annotations.Josephin"/>
</testsuite> <!-- org.annotations.Josephin -->
